#
# A fatal error has been detected by the Java Runtime Environment:
#
#  EXCEPTION_ACCESS_VIOLATION (0xc0000005) at pc=0x00007ff9f4f3119c, pid=93952, tid=90876
#
# JRE version: Java(TM) SE Runtime Environment (16.0.1+9) (build 16.0.1+9-24)
# Java VM: Java HotSpot(TM) 64-Bit Server VM (16.0.1+9-24, mixed mode, sharing, tiered, compressed oops, compressed class ptrs, g1 gc, windows-amd64)
# Problematic frame:
# V  [jvm.dll+0x62119c]
#
# No core dump will be written. Minidumps are not enabled by default on client versions of Windows
#
# If you would like to submit a bug report, please visit:
#   https://bugreport.java.com/bugreport/crash.jsp
#

---------------  S U M M A R Y ------------

Command Line: -XX:+ShowCodeDetailsInExceptionMessages -agentlib:jdwp=transport=dt_socket,suspend=y,address=localhost:64194 -javaagent:F:\Shiva\SW\Selenium\eclipse\configuration\org.eclipse.osgi\222\0\.cp\lib\javaagent-shaded.jar -Dfile.encoding=Cp1252 selPract.Demo

Host: Intel(R) Core(TM) i3-4005U CPU @ 1.70GHz, 4 cores, 7G,  Windows 10 , 64 bit Build 18362 (10.0.18362.1500)
Time: Mon Jun 21 22:51:59 2021 India Standard Time elapsed time: 14305.583012 seconds (0d 3h 58m 25s)

---------------  T H R E A D  ---------------

Current thread (0x000002d23b84f5e0):  VMThread "VM Thread" [stack: 0x000000f995800000,0x000000f995900000] [id=90876]

Stack: [0x000000f995800000,0x000000f995900000],  sp=0x000000f9958fef50,  free space=1019k
Native frames: (J=compiled Java code, j=interpreted, Vv=VM code, C=native code)
V  [jvm.dll+0x62119c]
V  [jvm.dll+0x621757]
V  [jvm.dll+0x5259c1]
V  [jvm.dll+0x1f3e4b]
V  [jvm.dll+0x1f60b7]
V  [jvm.dll+0x525e8a]
V  [jvm.dll+0x7d05eb]
V  [jvm.dll+0x7d12e4]
V  [jvm.dll+0x7d17e9]
V  [jvm.dll+0x7d1aa4]
V  [jvm.dll+0x7d1b70]
V  [jvm.dll+0x779b4a]
V  [jvm.dll+0x667666]
C  [ucrtbase.dll+0x210b2]
C  [KERNEL32.DLL+0x17c24]
C  [ntdll.dll+0x6d721]


siginfo: EXCEPTION_ACCESS_VIOLATION (0xc0000005), reading address 0x0000000000190138


Register to memory mapping:

RIP=0x00007ff9f4f3119c jvm.dll
RAX=0x00007ff9f523bed0 jvm.dll
RBX=0x000002d23b701390 points into unknown readable memory: 0x0000000000000002 | 02 00 00 00 00 00 00 00
RCX=1638400 is a compressed pointer to class: 0x0000000800c80000
okhttp3.RequestBody$1 {0x0000000800c80008}
RDX=0x000000f9958fefe8 points into unknown readable memory: 0x00007ff9f523bed0 | d0 be 23 f5 f9 7f 00 00
RSP=0x000000f9958fef50 points into unknown readable memory: 0x0000000000000048 | 48 00 00 00 00 00 00 00
RBP=0x000002d23b844640 points into unknown readable memory: 0x2e33707474686b6f | 6f 6b 68 74 74 70 33 2e
RSI=1638400 is a compressed pointer to class: 0x0000000800c80000
okhttp3.RequestBody$1 {0x0000000800c80008}
RDI=0x000002d23b8445a0 points into unknown readable memory: 0x0000000000000000 | 00 00 00 00 00 00 00 00
R8 =0x000002d23b700c50 points into unknown readable memory: 0x0000000000000002 | 02 00 00 00 00 00 00 00
R9 =0x0 is NULL
R10=0x0000000800d429f0 is pointing into metadata
R11=0x000000f9958ff078 points into unknown readable memory: 0x00007ff9f4b03e4b | 4b 3e b0 f4 f9 7f 00 00
R12=0x00007ff9f51b3000 jvm.dll
R13=0x00007ff9f5420980 jvm.dll
R14=0x000002d23b844988 points into unknown readable memory: 0x1016f1d73097ca87 | 87 ca 97 30 d7 f1 16 10
R15=0x00000000000003d8 is an unknown value


Registers:
RAX=0x00007ff9f523bed0, RBX=0x000002d23b701390, RCX=0x0000000000190000, RDX=0x000000f9958fefe8
RSP=0x000000f9958fef50, RBP=0x000002d23b844640, RSI=0x0000000000190000, RDI=0x000002d23b8445a0
R8 =0x000002d23b700c50, R9 =0x0000000000000000, R10=0x0000000800d429f0, R11=0x000000f9958ff078
R12=0x00007ff9f51b3000, R13=0x00007ff9f5420980, R14=0x000002d23b844988, R15=0x00000000000003d8
RIP=0x00007ff9f4f3119c, EFLAGS=0x0000000000010206

Top of Stack: (sp=0x000000f9958fef50)
0x000000f9958fef50:   0000000000000048 000002d200000001
0x000000f9958fef60:   0000000000000000 0000000000000000
0x000000f9958fef70:   00000000000003d8 000002d23b844988
0x000000f9958fef80:   0000000000190000 000002d23b844640
0x000000f9958fef90:   000002d23b701390 00007ff9f4f31757
0x000000f9958fefa0:   000002d23b844988 000002d23b844640
0x000000f9958fefb0:   00007ff9f5420980 00000000000003d8
0x000000f9958fefc0:   00000000000003d8 0000000000000000
0x000000f9958fefd0:   0000000000000001 00007ff9f4e359c1
0x000000f9958fefe0:   000002d23c03b040 00007ff9f523bed0
0x000000f9958feff0:   000000f9958ff160 0000000800d43d50
0x000000f9958ff000:   0000000800d42800 0000000000000000
0x000000f9958ff010:   00007ff900000000 000002d23b84f5e0
0x000000f9958ff020:   000002d23b700c50 000002d23c7879a0
0x000000f9958ff030:   000002d23c787a98 000002d23c78f988
0x000000f9958ff040:   00000000000080b0 000000f9958ff0e0 

Instructions: (pc=0x00007ff9f4f3119c)
0x00007ff9f4f3109c:   99 41 89 49 18 2b c2 49 c7 41 10 00 00 00 00 d1
0x00007ff9f4f310ac:   f8 41 89 41 20 8b 05 61 14 45 00 8d 14 00 8d 42
0x00007ff9f4f310bc:   02 48 63 c8 8b 44 cb 08 8d 4a 02 03 c8 4d 89 49
0x00007ff9f4f310cc:   10 41 89 49 30 49 8b c9 4d 89 49 28 49 8b 01 48
0x00007ff9f4f310dc:   83 c4 20 5b 48 ff 20 45 33 c9 41 8b c9 49 8b 01
0x00007ff9f4f310ec:   48 83 c4 20 5b 48 ff 20 33 d2 8d 4a 28 e8 72 e1
0x00007ff9f4f310fc:   09 00 48 8b c8 48 85 c0 0f 84 c9 fe ff ff 48 89
0x00007ff9f4f3110c:   58 08 48 8d 05 7b ff 28 00 48 89 01 48 8b 43 08
0x00007ff9f4f3111c:   99 c7 41 18 01 00 00 00 2b c2 48 89 49 10 d1 f8
0x00007ff9f4f3112c:   89 41 20 48 8b 01 48 83 c4 20 5b 48 ff 20 ba 53
0x00007ff9f4f3113c:   04 00 00 48 8d 0d b2 a9 30 00 e8 e5 1b c2 ff e8
0x00007ff9f4f3114c:   f0 71 04 00 33 c0 48 83 c4 20 5b c3 50 11 62 00
0x00007ff9f4f3115c:   6c 0f 62 00 77 0f 62 00 82 0f 62 00 82 0f 62 00
0x00007ff9f4f3116c:   95 0f 62 00 a0 0f 62 00 ab 0f 62 00 e0 0f 62 00
0x00007ff9f4f3117c:   0b 10 62 00 62 10 62 00 f4 10 62 00 6c 0f 62 00
0x00007ff9f4f3118c:   cc cc cc cc 40 53 55 56 41 56 41 57 48 83 ec 20
0x00007ff9f4f3119c:   48 63 81 38 01 00 00 48 8d 99 40 01 00 00 48 03
0x00007ff9f4f311ac:   d8 4c 8b f2 e8 1b e4 ba ff 45 33 ff 48 8b e8 41
0x00007ff9f4f311bc:   8b f7 48 3b d8 0f 83 b5 01 00 00 48 89 7c 24 58
0x00007ff9f4f311cc:   4c 89 64 24 60 4c 8d 25 a0 0e 2a 00 0f 1f 84 00
0x00007ff9f4f311dc:   00 00 00 00 44 0f b6 0b 48 63 fe 41 8b c9 45 85
0x00007ff9f4f311ec:   c9 0f 84 52 01 00 00 83 e9 01 0f 84 d6 00 00 00
0x00007ff9f4f311fc:   83 e9 08 0f 84 40 01 00 00 83 f9 04 74 22 4c 8d
0x00007ff9f4f3120c:   05 cf a8 30 00 ba 01 07 00 00 48 8d 0d db a8 30
0x00007ff9f4f3121c:   00 e8 5e 19 c2 ff e8 19 71 04 00 e9 d4 00 00 00
0x00007ff9f4f3122c:   33 d2 8d 4a 10 e8 3a e0 09 00 48 85 c0 74 09 48
0x00007ff9f4f3123c:   89 58 08 4c 89 20 eb 03 49 8b c7 48 8b 40 08 49
0x00007ff9f4f3124c:   8b ce 4d 8b 06 48 8b 50 08 41 ff 10 84 c0 75 40
0x00007ff9f4f3125c:   0f b6 03 3c 01 76 30 3c 0d 75 0c b8 02 00 00 00
0x00007ff9f4f3126c:   03 f0 e9 8d 00 00 00 44 8b c8 4c 8d 05 63 a8 30
0x00007ff9f4f3127c:   00 ba 73 05 00 00 48 8d 0d 6f a8 30 00 e8 f2 18
0x00007ff9f4f3128c:   c2 ff e8 ad 70 04 00 b8 01 00 00 00 03 f0 eb 64 


Stack slot to memory mapping:
stack at sp + 0 slots: 0x0000000000000048 is an unknown value
stack at sp + 1 slots: 0x000002d200000001 is an unknown value
stack at sp + 2 slots: 0x0 is NULL
stack at sp + 3 slots: 0x0 is NULL
stack at sp + 4 slots: 0x00000000000003d8 is an unknown value
stack at sp + 5 slots: 0x000002d23b844988 points into unknown readable memory: 0x1016f1d73097ca87 | 87 ca 97 30 d7 f1 16 10
stack at sp + 6 slots: 1638400 is a compressed pointer to class: 0x0000000800c80000
okhttp3.RequestBody$1 {0x0000000800c80008}
stack at sp + 7 slots: 0x000002d23b844640 points into unknown readable memory: 0x2e33707474686b6f | 6f 6b 68 74 74 70 33 2e

VM_Operation (0x000000f9963ff5f0): RedefineClasses, mode: safepoint, requested by thread 0x000002d23c50aab0, redefining class selPract.Demo



---------------  P R O C E S S  ---------------

Threads class SMR info:
_java_thread_list=0x000002d23d923370, length=18, elements={
0x000002d21e115490, 0x000002d23b853d60, 0x000002d23b857b60, 0x000002d23b86bb30,
0x000002d23b86c640, 0x000002d23b86f060, 0x000002d23b86f970, 0x000002d23b872670,
0x000002d23b8e1140, 0x000002d23b8e66e0, 0x000002d23c4578e0, 0x000002d23c50aab0,
0x000002d23c5f8550, 0x000002d23c5fcab0, 0x000002d23cc1b050, 0x000002d23d0fde00,
0x000002d23d24a5f0, 0x000002d23d290660
}

Java Threads: ( => current thread )
  0x000002d21e115490 JavaThread "main" [_thread_blocked, id=95908, stack(0x000000f995200000,0x000000f995300000)]
  0x000002d23b853d60 JavaThread "Reference Handler" daemon [_thread_blocked, id=70788, stack(0x000000f995900000,0x000000f995a00000)]
  0x000002d23b857b60 JavaThread "Finalizer" daemon [_thread_blocked, id=95964, stack(0x000000f995a00000,0x000000f995b00000)]
  0x000002d23b86bb30 JavaThread "Signal Dispatcher" daemon [_thread_blocked, id=83688, stack(0x000000f995b00000,0x000000f995c00000)]
  0x000002d23b86c640 JavaThread "Attach Listener" daemon [_thread_blocked, id=46216, stack(0x000000f995c00000,0x000000f995d00000)]
  0x000002d23b86f060 JavaThread "Service Thread" daemon [_thread_blocked, id=33328, stack(0x000000f995d00000,0x000000f995e00000)]
  0x000002d23b86f970 JavaThread "Monitor Deflation Thread" daemon [_thread_blocked, id=91348, stack(0x000000f995e00000,0x000000f995f00000)]
  0x000002d23b872670 JavaThread "C2 CompilerThread0" daemon [_thread_blocked, id=91660, stack(0x000000f995f00000,0x000000f996000000)]
  0x000002d23b8e1140 JavaThread "C1 CompilerThread0" daemon [_thread_blocked, id=20888, stack(0x000000f996000000,0x000000f996100000)]
  0x000002d23b8e66e0 JavaThread "Sweeper thread" daemon [_thread_blocked, id=91880, stack(0x000000f996100000,0x000000f996200000)]
  0x000002d23c4578e0 JavaThread "Common-Cleaner" daemon [_thread_blocked, id=6976, stack(0x000000f996200000,0x000000f996300000)]
  0x000002d23c50aab0 JavaThread "JDWP Transport Listener: dt_socket" daemon [_thread_blocked, id=91648, stack(0x000000f996300000,0x000000f996400000)]
  0x000002d23c5f8550 JavaThread "JDWP Event Helper Thread" daemon [_thread_blocked, id=92176, stack(0x000000f996400000,0x000000f996500000)]
  0x000002d23c5fcab0 JavaThread "JDWP Command Reader" daemon [_thread_in_native, id=92180, stack(0x000000f996500000,0x000000f996600000)]
  0x000002d23cc1b050 JavaThread "Notification Thread" daemon [_thread_blocked, id=58624, stack(0x000000f996900000,0x000000f996a00000)]
  0x000002d23d0fde00 JavaThread "Exec Default Executor" daemon [_thread_in_native, id=90196, stack(0x000000f996b00000,0x000000f996c00000)]
  0x000002d23d24a5f0 JavaThread "Exec Stream Pumper" daemon [_thread_in_native, id=57552, stack(0x000000f996e00000,0x000000f996f00000)]
  0x000002d23d290660 JavaThread "Exec Stream Pumper" daemon [_thread_in_native, id=74048, stack(0x000000f996f00000,0x000000f997000000)]

Other Threads:
=>0x000002d23b84f5e0 VMThread "VM Thread" [stack: 0x000000f995800000,0x000000f995900000] [id=90876]
  0x000002d23cc1d590 WatcherThread [stack: 0x000000f996a00000,0x000000f996b00000] [id=96064]
  0x000002d21e155570 GCTaskThread "GC Thread#0" [stack: 0x000000f995300000,0x000000f995400000] [id=90084]
  0x000002d23c7a7ec0 GCTaskThread "GC Thread#1" [stack: 0x000000f996600000,0x000000f996700000] [id=57884]
  0x000002d23cbb1060 GCTaskThread "GC Thread#2" [stack: 0x000000f996700000,0x000000f996800000] [id=52360]
  0x000002d23c7fe1f0 GCTaskThread "GC Thread#3" [stack: 0x000000f996800000,0x000000f996900000] [id=80364]
  0x000002d21e1671d0 ConcurrentGCThread "G1 Main Marker" [stack: 0x000000f995400000,0x000000f995500000] [id=91592]
  0x000002d21e1688b0 ConcurrentGCThread "G1 Conc#0" [stack: 0x000000f995500000,0x000000f995600000] [id=91228]
  0x000002d21e1cea30 ConcurrentGCThread "G1 Refine#0" [stack: 0x000000f995600000,0x000000f995700000] [id=91212]
  0x000002d23b701490 ConcurrentGCThread "G1 Service" [stack: 0x000000f995700000,0x000000f995800000] [id=91180]

Threads with active compile tasks:
C2 CompilerThread0  14305825 1718       4       org.eclipse.jdt.launching.internal.org.objectweb.asm.SymbolTable::addConstantUtf8Reference (101 bytes)

VM state: at safepoint (normal execution)

VM Mutex/Monitor currently owned by a thread:  ([mutex/lock_event])
[0x000002d21e110640] Threads_lock - owner thread: 0x000002d23b84f5e0

Heap address: 0x0000000081800000, size: 2024 MB, Compressed Oops mode: 32-bit

CDS archive(s) mapped at: [0x0000000800000000-0x0000000800bb0000-0x0000000800bb0000), size 12255232, SharedBaseAddress: 0x0000000800000000, ArchiveRelocationMode: 0.
Compressed class space mapped at: 0x0000000800c00000-0x0000000840c00000, reserved size: 1073741824
Narrow klass base: 0x0000000800000000, Narrow klass shift: 3, Narrow klass range: 0x100000000

GC Precious Log:
 CPUs: 4 total, 4 available
 Memory: 8095M
 Large Page Support: Disabled
 NUMA Support: Disabled
 Compressed Oops: Enabled (32-bit)
 Heap Region Size: 1M
 Heap Min Capacity: 8M
 Heap Initial Capacity: 128M
 Heap Max Capacity: 2024M
 Pre-touch: Disabled
 Parallel Workers: 4
 Concurrent Workers: 1
 Concurrent Refinement Workers: 4
 Periodic GC: Disabled

Heap:
 garbage-first heap   total 131072K, used 35391K [0x0000000081800000, 0x0000000100000000)
  region size 1024K, 24 young (24576K), 3 survivors (3072K)
 Metaspace       used 10889K, committed 11136K, reserved 1064960K
  class space    used 1236K, committed 1344K, reserved 1048576K

Heap Regions: E=young(eden), S=young(survivor), O=old, HS=humongous(starts), HC=humongous(continues), CS=collection set, F=free, OA=open archive, CA=closed archive, TAMS=top-at-mark-start (previous, next)
|   0|0x0000000081800000, 0x0000000081900000, 0x0000000081900000|100%| O|  |TAMS 0x0000000081800000, 0x0000000081800000| Untracked 
|   1|0x0000000081900000, 0x0000000081a00000, 0x0000000081a00000|100%|HS|  |TAMS 0x0000000081900000, 0x0000000081900000| Complete 
|   2|0x0000000081a00000, 0x0000000081b00000, 0x0000000081b00000|100%|HC|  |TAMS 0x0000000081a00000, 0x0000000081a00000| Complete 
|   3|0x0000000081b00000, 0x0000000081c00000, 0x0000000081c00000|100%|HC|  |TAMS 0x0000000081b00000, 0x0000000081b00000| Complete 
|   4|0x0000000081c00000, 0x0000000081d00000, 0x0000000081d00000|100%|HS|  |TAMS 0x0000000081c00000, 0x0000000081c00000| Complete 
|   5|0x0000000081d00000, 0x0000000081e00000, 0x0000000081e00000|100%|HS|  |TAMS 0x0000000081d00000, 0x0000000081d00000| Complete 
|   6|0x0000000081e00000, 0x0000000081f00000, 0x0000000081f00000|100%|HS|  |TAMS 0x0000000081e00000, 0x0000000081e00000| Complete 
|   7|0x0000000081f00000, 0x0000000082000000, 0x0000000082000000|100%| O|  |TAMS 0x0000000081f00000, 0x0000000081f00000| Untracked 
|   8|0x0000000082000000, 0x0000000082100000, 0x0000000082100000|100%| O|  |TAMS 0x0000000082000000, 0x0000000082000000| Untracked 
|   9|0x0000000082100000, 0x0000000082200000, 0x0000000082200000|100%| O|  |TAMS 0x0000000082100000, 0x0000000082100000| Untracked 
|  10|0x0000000082200000, 0x0000000082300000, 0x0000000082300000|100%| O|  |TAMS 0x0000000082200000, 0x0000000082200000| Untracked 
|  11|0x0000000082300000, 0x0000000082400000, 0x0000000082400000|100%| O|  |TAMS 0x0000000082300000, 0x0000000082300000| Untracked 
|  12|0x0000000082400000, 0x0000000082406200, 0x0000000082500000|  2%| O|  |TAMS 0x0000000082400000, 0x0000000082400000| Untracked 
|  13|0x0000000082500000, 0x0000000082500000, 0x0000000082600000|  0%| F|  |TAMS 0x0000000082500000, 0x0000000082500000| Untracked 
|  14|0x0000000082600000, 0x0000000082600000, 0x0000000082700000|  0%| F|  |TAMS 0x0000000082600000, 0x0000000082600000| Untracked 
|  15|0x0000000082700000, 0x0000000082700000, 0x0000000082800000|  0%| F|  |TAMS 0x0000000082700000, 0x0000000082700000| Untracked 
|  16|0x0000000082800000, 0x0000000082800000, 0x0000000082900000|  0%| F|  |TAMS 0x0000000082800000, 0x0000000082800000| Untracked 
|  17|0x0000000082900000, 0x0000000082900000, 0x0000000082a00000|  0%| F|  |TAMS 0x0000000082900000, 0x0000000082900000| Untracked 
|  18|0x0000000082a00000, 0x0000000082a00000, 0x0000000082b00000|  0%| F|  |TAMS 0x0000000082a00000, 0x0000000082a00000| Untracked 
|  19|0x0000000082b00000, 0x0000000082b00000, 0x0000000082c00000|  0%| F|  |TAMS 0x0000000082b00000, 0x0000000082b00000| Untracked 
|  20|0x0000000082c00000, 0x0000000082c00000, 0x0000000082d00000|  0%| F|  |TAMS 0x0000000082c00000, 0x0000000082c00000| Untracked 
|  21|0x0000000082d00000, 0x0000000082d00000, 0x0000000082e00000|  0%| F|  |TAMS 0x0000000082d00000, 0x0000000082d00000| Untracked 
|  22|0x0000000082e00000, 0x0000000082e00000, 0x0000000082f00000|  0%| F|  |TAMS 0x0000000082e00000, 0x0000000082e00000| Untracked 
|  23|0x0000000082f00000, 0x0000000082f00000, 0x0000000083000000|  0%| F|  |TAMS 0x0000000082f00000, 0x0000000082f00000| Untracked 
|  24|0x0000000083000000, 0x0000000083000000, 0x0000000083100000|  0%| F|  |TAMS 0x0000000083000000, 0x0000000083000000| Untracked 
|  25|0x0000000083100000, 0x0000000083100000, 0x0000000083200000|  0%| F|  |TAMS 0x0000000083100000, 0x0000000083100000| Untracked 
|  26|0x0000000083200000, 0x0000000083200000, 0x0000000083300000|  0%| F|  |TAMS 0x0000000083200000, 0x0000000083200000| Untracked 
|  27|0x0000000083300000, 0x0000000083300000, 0x0000000083400000|  0%| F|  |TAMS 0x0000000083300000, 0x0000000083300000| Untracked 
|  28|0x0000000083400000, 0x0000000083400000, 0x0000000083500000|  0%| F|  |TAMS 0x0000000083400000, 0x0000000083400000| Untracked 
|  29|0x0000000083500000, 0x0000000083500000, 0x0000000083600000|  0%| F|  |TAMS 0x0000000083500000, 0x0000000083500000| Untracked 
|  30|0x0000000083600000, 0x0000000083600000, 0x0000000083700000|  0%| F|  |TAMS 0x0000000083600000, 0x0000000083600000| Untracked 
|  31|0x0000000083700000, 0x0000000083700000, 0x0000000083800000|  0%| F|  |TAMS 0x0000000083700000, 0x0000000083700000| Untracked 
|  32|0x0000000083800000, 0x0000000083800000, 0x0000000083900000|  0%| F|  |TAMS 0x0000000083800000, 0x0000000083800000| Untracked 
|  33|0x0000000083900000, 0x0000000083900000, 0x0000000083a00000|  0%| F|  |TAMS 0x0000000083900000, 0x0000000083900000| Untracked 
|  34|0x0000000083a00000, 0x0000000083a00000, 0x0000000083b00000|  0%| F|  |TAMS 0x0000000083a00000, 0x0000000083a00000| Untracked 
|  35|0x0000000083b00000, 0x0000000083b00000, 0x0000000083c00000|  0%| F|  |TAMS 0x0000000083b00000, 0x0000000083b00000| Untracked 
|  36|0x0000000083c00000, 0x0000000083c00000, 0x0000000083d00000|  0%| F|  |TAMS 0x0000000083c00000, 0x0000000083c00000| Untracked 
|  37|0x0000000083d00000, 0x0000000083d00000, 0x0000000083e00000|  0%| F|  |TAMS 0x0000000083d00000, 0x0000000083d00000| Untracked 
|  38|0x0000000083e00000, 0x0000000083e00000, 0x0000000083f00000|  0%| F|  |TAMS 0x0000000083e00000, 0x0000000083e00000| Untracked 
|  39|0x0000000083f00000, 0x0000000083f00000, 0x0000000084000000|  0%| F|  |TAMS 0x0000000083f00000, 0x0000000083f00000| Untracked 
|  40|0x0000000084000000, 0x0000000084000000, 0x0000000084100000|  0%| F|  |TAMS 0x0000000084000000, 0x0000000084000000| Untracked 
|  41|0x0000000084100000, 0x0000000084100000, 0x0000000084200000|  0%| F|  |TAMS 0x0000000084100000, 0x0000000084100000| Untracked 
|  42|0x0000000084200000, 0x0000000084200000, 0x0000000084300000|  0%| F|  |TAMS 0x0000000084200000, 0x0000000084200000| Untracked 
|  43|0x0000000084300000, 0x0000000084300000, 0x0000000084400000|  0%| F|  |TAMS 0x0000000084300000, 0x0000000084300000| Untracked 
|  44|0x0000000084400000, 0x0000000084400000, 0x0000000084500000|  0%| F|  |TAMS 0x0000000084400000, 0x0000000084400000| Untracked 
|  45|0x0000000084500000, 0x0000000084500000, 0x0000000084600000|  0%| F|  |TAMS 0x0000000084500000, 0x0000000084500000| Untracked 
|  46|0x0000000084600000, 0x0000000084600000, 0x0000000084700000|  0%| F|  |TAMS 0x0000000084600000, 0x0000000084600000| Untracked 
|  47|0x0000000084700000, 0x0000000084700000, 0x0000000084800000|  0%| F|  |TAMS 0x0000000084700000, 0x0000000084700000| Untracked 
|  48|0x0000000084800000, 0x0000000084800000, 0x0000000084900000|  0%| F|  |TAMS 0x0000000084800000, 0x0000000084800000| Untracked 
|  49|0x0000000084900000, 0x0000000084900000, 0x0000000084a00000|  0%| F|  |TAMS 0x0000000084900000, 0x0000000084900000| Untracked 
|  50|0x0000000084a00000, 0x0000000084a00000, 0x0000000084b00000|  0%| F|  |TAMS 0x0000000084a00000, 0x0000000084a00000| Untracked 
|  51|0x0000000084b00000, 0x0000000084b00000, 0x0000000084c00000|  0%| F|  |TAMS 0x0000000084b00000, 0x0000000084b00000| Untracked 
|  52|0x0000000084c00000, 0x0000000084c00000, 0x0000000084d00000|  0%| F|  |TAMS 0x0000000084c00000, 0x0000000084c00000| Untracked 
|  53|0x0000000084d00000, 0x0000000084d00000, 0x0000000084e00000|  0%| F|  |TAMS 0x0000000084d00000, 0x0000000084d00000| Untracked 
|  54|0x0000000084e00000, 0x0000000084e00000, 0x0000000084f00000|  0%| F|  |TAMS 0x0000000084e00000, 0x0000000084e00000| Untracked 
|  55|0x0000000084f00000, 0x0000000084f00000, 0x0000000085000000|  0%| F|  |TAMS 0x0000000084f00000, 0x0000000084f00000| Untracked 
|  56|0x0000000085000000, 0x0000000085000000, 0x0000000085100000|  0%| F|  |TAMS 0x0000000085000000, 0x0000000085000000| Untracked 
|  57|0x0000000085100000, 0x0000000085100000, 0x0000000085200000|  0%| F|  |TAMS 0x0000000085100000, 0x0000000085100000| Untracked 
|  58|0x0000000085200000, 0x0000000085200000, 0x0000000085300000|  0%| F|  |TAMS 0x0000000085200000, 0x0000000085200000| Untracked 
|  59|0x0000000085300000, 0x0000000085300000, 0x0000000085400000|  0%| F|  |TAMS 0x0000000085300000, 0x0000000085300000| Untracked 
|  60|0x0000000085400000, 0x0000000085400000, 0x0000000085500000|  0%| F|  |TAMS 0x0000000085400000, 0x0000000085400000| Untracked 
|  61|0x0000000085500000, 0x0000000085500000, 0x0000000085600000|  0%| F|  |TAMS 0x0000000085500000, 0x0000000085500000| Untracked 
|  62|0x0000000085600000, 0x0000000085600000, 0x0000000085700000|  0%| F|  |TAMS 0x0000000085600000, 0x0000000085600000| Untracked 
|  63|0x0000000085700000, 0x0000000085700000, 0x0000000085800000|  0%| F|  |TAMS 0x0000000085700000, 0x0000000085700000| Untracked 
|  64|0x0000000085800000, 0x0000000085800000, 0x0000000085900000|  0%| F|  |TAMS 0x0000000085800000, 0x0000000085800000| Untracked 
|  65|0x0000000085900000, 0x0000000085900000, 0x0000000085a00000|  0%| F|  |TAMS 0x0000000085900000, 0x0000000085900000| Untracked 
|  66|0x0000000085a00000, 0x0000000085a00000, 0x0000000085b00000|  0%| F|  |TAMS 0x0000000085a00000, 0x0000000085a00000| Untracked 
|  67|0x0000000085b00000, 0x0000000085b00000, 0x0000000085c00000|  0%| F|  |TAMS 0x0000000085b00000, 0x0000000085b00000| Untracked 
|  68|0x0000000085c00000, 0x0000000085c00000, 0x0000000085d00000|  0%| F|  |TAMS 0x0000000085c00000, 0x0000000085c00000| Untracked 
|  69|0x0000000085d00000, 0x0000000085d00000, 0x0000000085e00000|  0%| F|  |TAMS 0x0000000085d00000, 0x0000000085d00000| Untracked 
|  70|0x0000000085e00000, 0x0000000085e00000, 0x0000000085f00000|  0%| F|  |TAMS 0x0000000085e00000, 0x0000000085e00000| Untracked 
|  71|0x0000000085f00000, 0x0000000085f00000, 0x0000000086000000|  0%| F|  |TAMS 0x0000000085f00000, 0x0000000085f00000| Untracked 
|  72|0x0000000086000000, 0x0000000086000000, 0x0000000086100000|  0%| F|  |TAMS 0x0000000086000000, 0x0000000086000000| Untracked 
|  73|0x0000000086100000, 0x0000000086100000, 0x0000000086200000|  0%| F|  |TAMS 0x0000000086100000, 0x0000000086100000| Untracked 
|  74|0x0000000086200000, 0x0000000086200000, 0x0000000086300000|  0%| F|  |TAMS 0x0000000086200000, 0x0000000086200000| Untracked 
|  75|0x0000000086300000, 0x0000000086300000, 0x0000000086400000|  0%| F|  |TAMS 0x0000000086300000, 0x0000000086300000| Untracked 
|  76|0x0000000086400000, 0x0000000086400000, 0x0000000086500000|  0%| F|  |TAMS 0x0000000086400000, 0x0000000086400000| Untracked 
|  77|0x0000000086500000, 0x0000000086500000, 0x0000000086600000|  0%| F|  |TAMS 0x0000000086500000, 0x0000000086500000| Untracked 
|  78|0x0000000086600000, 0x0000000086600000, 0x0000000086700000|  0%| F|  |TAMS 0x0000000086600000, 0x0000000086600000| Untracked 
|  79|0x0000000086700000, 0x0000000086700000, 0x0000000086800000|  0%| F|  |TAMS 0x0000000086700000, 0x0000000086700000| Untracked 
|  80|0x0000000086800000, 0x0000000086800000, 0x0000000086900000|  0%| F|  |TAMS 0x0000000086800000, 0x0000000086800000| Untracked 
|  81|0x0000000086900000, 0x0000000086900000, 0x0000000086a00000|  0%| F|  |TAMS 0x0000000086900000, 0x0000000086900000| Untracked 
|  82|0x0000000086a00000, 0x0000000086a00000, 0x0000000086b00000|  0%| F|  |TAMS 0x0000000086a00000, 0x0000000086a00000| Untracked 
|  83|0x0000000086b00000, 0x0000000086b00000, 0x0000000086c00000|  0%| F|  |TAMS 0x0000000086b00000, 0x0000000086b00000| Untracked 
|  84|0x0000000086c00000, 0x0000000086c00000, 0x0000000086d00000|  0%| F|  |TAMS 0x0000000086c00000, 0x0000000086c00000| Untracked 
|  85|0x0000000086d00000, 0x0000000086d00000, 0x0000000086e00000|  0%| F|  |TAMS 0x0000000086d00000, 0x0000000086d00000| Untracked 
|  86|0x0000000086e00000, 0x0000000086e00000, 0x0000000086f00000|  0%| F|  |TAMS 0x0000000086e00000, 0x0000000086e00000| Untracked 
|  87|0x0000000086f00000, 0x0000000086f00000, 0x0000000087000000|  0%| F|  |TAMS 0x0000000086f00000, 0x0000000086f00000| Untracked 
|  88|0x0000000087000000, 0x0000000087000000, 0x0000000087100000|  0%| F|  |TAMS 0x0000000087000000, 0x0000000087000000| Untracked 
|  89|0x0000000087100000, 0x0000000087100000, 0x0000000087200000|  0%| F|  |TAMS 0x0000000087100000, 0x0000000087100000| Untracked 
|  90|0x0000000087200000, 0x0000000087200000, 0x0000000087300000|  0%| F|  |TAMS 0x0000000087200000, 0x0000000087200000| Untracked 
|  91|0x0000000087300000, 0x0000000087300000, 0x0000000087400000|  0%| F|  |TAMS 0x0000000087300000, 0x0000000087300000| Untracked 
|  92|0x0000000087400000, 0x0000000087400000, 0x0000000087500000|  0%| F|  |TAMS 0x0000000087400000, 0x0000000087400000| Untracked 
|  93|0x0000000087500000, 0x0000000087500000, 0x0000000087600000|  0%| F|  |TAMS 0x0000000087500000, 0x0000000087500000| Untracked 
|  94|0x0000000087600000, 0x0000000087600000, 0x0000000087700000|  0%| F|  |TAMS 0x0000000087600000, 0x0000000087600000| Untracked 
|  95|0x0000000087700000, 0x0000000087700000, 0x0000000087800000|  0%| F|  |TAMS 0x0000000087700000, 0x0000000087700000| Untracked 
|  96|0x0000000087800000, 0x0000000087800000, 0x0000000087900000|  0%| F|  |TAMS 0x0000000087800000, 0x0000000087800000| Untracked 
|  97|0x0000000087900000, 0x0000000087900000, 0x0000000087a00000|  0%| F|  |TAMS 0x0000000087900000, 0x0000000087900000| Untracked 
|  98|0x0000000087a00000, 0x0000000087a00000, 0x0000000087b00000|  0%| F|  |TAMS 0x0000000087a00000, 0x0000000087a00000| Untracked 
|  99|0x0000000087b00000, 0x0000000087b00000, 0x0000000087c00000|  0%| F|  |TAMS 0x0000000087b00000, 0x0000000087b00000| Untracked 
| 100|0x0000000087c00000, 0x0000000087c00000, 0x0000000087d00000|  0%| F|  |TAMS 0x0000000087c00000, 0x0000000087c00000| Untracked 
| 101|0x0000000087d00000, 0x0000000087d00000, 0x0000000087e00000|  0%| F|  |TAMS 0x0000000087d00000, 0x0000000087d00000| Untracked 
| 102|0x0000000087e00000, 0x0000000087e89bc8, 0x0000000087f00000| 53%| S|CS|TAMS 0x0000000087e00000, 0x0000000087e00000| Complete 
| 103|0x0000000087f00000, 0x0000000088000000, 0x0000000088000000|100%| S|CS|TAMS 0x0000000087f00000, 0x0000000087f00000| Complete 
| 104|0x0000000088000000, 0x0000000088100000, 0x0000000088100000|100%| S|CS|TAMS 0x0000000088000000, 0x0000000088000000| Complete 
| 105|0x0000000088100000, 0x0000000088100000, 0x0000000088200000|  0%| F|  |TAMS 0x0000000088100000, 0x0000000088100000| Untracked 
| 106|0x0000000088200000, 0x0000000088200000, 0x0000000088300000|  0%| F|  |TAMS 0x0000000088200000, 0x0000000088200000| Untracked 
| 107|0x0000000088300000, 0x00000000883ddb70, 0x0000000088400000| 86%| E|  |TAMS 0x0000000088300000, 0x0000000088300000| Complete 
| 108|0x0000000088400000, 0x0000000088500000, 0x0000000088500000|100%| E|CS|TAMS 0x0000000088400000, 0x0000000088400000| Complete 
| 109|0x0000000088500000, 0x0000000088600000, 0x0000000088600000|100%| E|CS|TAMS 0x0000000088500000, 0x0000000088500000| Complete 
| 110|0x0000000088600000, 0x0000000088700000, 0x0000000088700000|100%| E|CS|TAMS 0x0000000088600000, 0x0000000088600000| Complete 
| 111|0x0000000088700000, 0x0000000088800000, 0x0000000088800000|100%| E|CS|TAMS 0x0000000088700000, 0x0000000088700000| Complete 
| 112|0x0000000088800000, 0x0000000088900000, 0x0000000088900000|100%| E|CS|TAMS 0x0000000088800000, 0x0000000088800000| Complete 
| 113|0x0000000088900000, 0x0000000088a00000, 0x0000000088a00000|100%| E|CS|TAMS 0x0000000088900000, 0x0000000088900000| Complete 
| 114|0x0000000088a00000, 0x0000000088b00000, 0x0000000088b00000|100%| E|CS|TAMS 0x0000000088a00000, 0x0000000088a00000| Complete 
| 115|0x0000000088b00000, 0x0000000088c00000, 0x0000000088c00000|100%| E|CS|TAMS 0x0000000088b00000, 0x0000000088b00000| Complete 
| 116|0x0000000088c00000, 0x0000000088d00000, 0x0000000088d00000|100%| E|CS|TAMS 0x0000000088c00000, 0x0000000088c00000| Complete 
| 117|0x0000000088d00000, 0x0000000088e00000, 0x0000000088e00000|100%| E|CS|TAMS 0x0000000088d00000, 0x0000000088d00000| Complete 
| 118|0x0000000088e00000, 0x0000000088f00000, 0x0000000088f00000|100%| E|CS|TAMS 0x0000000088e00000, 0x0000000088e00000| Complete 
| 119|0x0000000088f00000, 0x0000000089000000, 0x0000000089000000|100%| E|CS|TAMS 0x0000000088f00000, 0x0000000088f00000| Complete 
| 120|0x0000000089000000, 0x0000000089100000, 0x0000000089100000|100%| E|CS|TAMS 0x0000000089000000, 0x0000000089000000| Complete 
| 121|0x0000000089100000, 0x0000000089200000, 0x0000000089200000|100%| E|CS|TAMS 0x0000000089100000, 0x0000000089100000| Complete 
| 122|0x0000000089200000, 0x0000000089300000, 0x0000000089300000|100%| E|CS|TAMS 0x0000000089200000, 0x0000000089200000| Complete 
| 123|0x0000000089300000, 0x0000000089400000, 0x0000000089400000|100%| E|CS|TAMS 0x0000000089300000, 0x0000000089300000| Complete 
| 124|0x0000000089400000, 0x0000000089500000, 0x0000000089500000|100%| E|CS|TAMS 0x0000000089400000, 0x0000000089400000| Complete 
| 125|0x0000000089500000, 0x0000000089600000, 0x0000000089600000|100%| E|CS|TAMS 0x0000000089500000, 0x0000000089500000| Complete 
| 126|0x0000000089600000, 0x0000000089700000, 0x0000000089700000|100%| E|CS|TAMS 0x0000000089600000, 0x0000000089600000| Complete 
| 127|0x0000000089700000, 0x0000000089800000, 0x0000000089800000|100%| E|CS|TAMS 0x0000000089700000, 0x0000000089700000| Complete 

Card table byte_map: [0x000002d234c70000,0x000002d235070000] _byte_map_base: 0x000002d234864000

Marking Bits (Prev, Next): (CMBitMap*) 0x000002d21e156b00, (CMBitMap*) 0x000002d21e156b40
 Prev Bits: [0x000002d235470000, 0x000002d237410000)
 Next Bits: [0x000002d237410000, 0x000002d2393b0000)

Polling page: 0x000002d21c040000

Metaspace:

Usage:
  Non-class:      9.43 MB used.
      Class:      1.21 MB used.
       Both:     10.63 MB used.

Virtual space:
  Non-class space:       16.00 MB reserved,       9.56 MB ( 60%) committed,  2 nodes.
      Class space:        1.00 GB reserved,       1.31 MB ( <1%) committed,  1 nodes.
              Both:        1.02 GB reserved,      10.88 MB (  1%) committed. 

Chunk freelists:
   Non-Class:  2.23 MB
       Class:  2.72 MB
        Both:  4.95 MB

MaxMetaspaceSize: 17179869184.00 GB
CompressedClassSpaceSize: 1.00 GB
 - commit_granule_bytes: 65536.
 - commit_granule_words: 8192.
 - virtual_space_node_default_size: 1048576.
 - enlarge_chunks_in_place: 1.
 - new_chunks_are_fully_committed: 0.
 - uncommit_free_chunks: 1.
 - use_allocation_guard: 0.
 - handle_deallocations: 1.


Internal statistics:

num_allocs_failed_limit: 0.
num_arena_births: 116.
num_arena_deaths: 0.
num_vsnodes_births: 3.
num_vsnodes_deaths: 0.
num_space_committed: 174.
num_space_uncommitted: 0.
num_chunks_returned_to_freelist: 0.
num_chunks_taken_from_freelist: 366.
num_chunk_merges: 0.
num_chunk_splits: 225.
num_chunks_enlarged: 151.
num_purges: 0.

CodeHeap 'non-profiled nmethods': size=120000Kb used=783Kb max_used=783Kb free=119216Kb
 bounds [0x000002d22d340000, 0x000002d22d5b0000, 0x000002d234870000]
CodeHeap 'profiled nmethods': size=120000Kb used=3504Kb max_used=3504Kb free=116495Kb
 bounds [0x000002d225e10000, 0x000002d226180000, 0x000002d22d340000]
CodeHeap 'non-nmethods': size=5760Kb used=1285Kb max_used=1340Kb free=4474Kb
 bounds [0x000002d225870000, 0x000002d225ae0000, 0x000002d225e10000]
 total_blobs=2227 nmethods=1713 adapters=426
 compilation: enabled
              stopped_count=0, restarted_count=0
 full_count=0

Compilation events (20 events):
Event: 6.513 Thread 0x000002d23b872670 nmethod 1692 0x000002d22d3f5c90 code [0x000002d22d3f60c0, 0x000002d22d3ff800]
Event: 8.924 Thread 0x000002d23b8e1140 1707       3       java.util.stream.AbstractPipeline::evaluate (94 bytes)
Event: 8.925 Thread 0x000002d23b8e1140 nmethod 1707 0x000002d226178510 code [0x000002d226178740, 0x000002d226178e28]
Event: 8.925 Thread 0x000002d23b8e1140 1710       3       java.util.regex.Matcher::start (65 bytes)
Event: 8.926 Thread 0x000002d23b8e1140 nmethod 1710 0x000002d226179090 code [0x000002d226179300, 0x000002d226179ba8]
Event: 8.926 Thread 0x000002d23b8e1140 1708       3       com.google.common.base.CharMatcher$And::matches (28 bytes)
Event: 8.927 Thread 0x000002d23b8e1140 nmethod 1708 0x000002d226179f90 code [0x000002d22617a160, 0x000002d22617a4b8]
Event: 8.927 Thread 0x000002d23b8e1140 1709       3       com.google.common.base.CharMatcher$Negated::matches (17 bytes)
Event: 8.927 Thread 0x000002d23b8e1140 nmethod 1709 0x000002d22617a610 code [0x000002d22617a7c0, 0x000002d22617aa08]
Event: 6123.301 Thread 0x000002d23b8e1140 1712   !   3       java.lang.ref.ReferenceQueue::remove (125 bytes)
Event: 6123.308 Thread 0x000002d23b8e1140 nmethod 1712 0x000002d22617ab10 code [0x000002d22617ad40, 0x000002d22617b598]
Event: 6243.301 Thread 0x000002d23b8e1140 1713   !   3       jdk.internal.ref.PhantomCleanable::isListEmpty (34 bytes)
Event: 6243.301 Thread 0x000002d23b8e1140 nmethod 1713 0x000002d22617b910 code [0x000002d22617bac0, 0x000002d22617bd18]
Event: 6243.301 Thread 0x000002d23b8e1140 1714       3       jdk.internal.misc.InnocuousThread::eraseThreadLocals (23 bytes)
Event: 6243.301 Thread 0x000002d23b8e1140 nmethod 1714 0x000002d22617be90 code [0x000002d22617c040, 0x000002d22617c238]
Event: 9303.093 Thread 0x000002d23b872670 1715       4       org.eclipse.jdt.launching.internal.org.objectweb.asm.MethodWriter::putMethodInfo (1274 bytes)
Event: 9303.240 Thread 0x000002d23b872670 

Event: 14084.369 Thread 0x000002d23b872670 1717       4       org.eclipse.jdt.launching.internal.org.objectweb.asm.SymbolTable::<init> (536 bytes)
Event: 14085.077 Thread 0x000002d23b872670 

Event: 14305.448 Thread 0x000002d23b872670 1718       4       org.eclipse.jdt.launching.internal.org.objectweb.asm.SymbolTable::addConstantUtf8Reference (101 bytes)

GC Heap History (6 events):
Event: 1.197 GC heap before
{Heap before GC invocations=0 (full 0):
 garbage-first heap   total 131072K, used 19456K [0x0000000081800000, 0x0000000100000000)
  region size 1024K, 13 young (13312K), 0 survivors (0K)
 Metaspace       used 1361K, committed 1536K, reserved 1056768K
  class space    used 96K, committed 192K, reserved 1048576K
}
Event: 1.204 GC heap after
{Heap after GC invocations=1 (full 0):
 garbage-first heap   total 131072K, used 12197K [0x0000000081800000, 0x0000000100000000)
  region size 1024K, 2 young (2048K), 2 survivors (2048K)
 Metaspace       used 1361K, committed 1536K, reserved 1056768K
  class space    used 96K, committed 192K, reserved 1048576K
}
Event: 1.964 GC heap before
{Heap before GC invocations=1 (full 0):
 garbage-first heap   total 131072K, used 24485K [0x0000000081800000, 0x0000000100000000)
  region size 1024K, 14 young (14336K), 2 survivors (2048K)
 Metaspace       used 4441K, committed 4544K, reserved 1056768K
  class space    used 430K, committed 512K, reserved 1048576K
}
Event: 1.969 GC heap after
{Heap after GC invocations=2 (full 0):
 garbage-first heap   total 131072K, used 13195K [0x0000000081800000, 0x0000000100000000)
  region size 1024K, 1 young (1024K), 1 survivors (1024K)
 Metaspace       used 4441K, committed 4544K, reserved 1056768K
  class space    used 430K, committed 512K, reserved 1048576K
}
Event: 3.166 GC heap before
{Heap before GC invocations=2 (full 0):
 garbage-first heap   total 131072K, used 35723K [0x0000000081800000, 0x0000000100000000)
  region size 1024K, 23 young (23552K), 1 survivors (1024K)
 Metaspace       used 8371K, committed 8640K, reserved 1056768K
  class space    used 900K, committed 1024K, reserved 1048576K
}
Event: 3.176 GC heap after
{Heap after GC invocations=3 (full 0):
 garbage-first heap   total 131072K, used 14911K [0x0000000081800000, 0x0000000100000000)
  region size 1024K, 3 young (3072K), 3 survivors (3072K)
 Metaspace       used 8371K, committed 8640K, reserved 1056768K
  class space    used 900K, committed 1024K, reserved 1048576K
}

Deoptimization events (20 events):
Event: 3.658 Thread 0x000002d21e115490 DEOPT PACKING pc=0x000002d22d3d1a4c sp=0x000000f9952fcf50
Event: 3.658 Thread 0x000002d21e115490 DEOPT UNPACKING pc=0x000002d2258bd72e sp=0x000000f9952fced8 mode 2
Event: 3.658 Thread 0x000002d21e115490 Uncommon trap: trap_request=0xffffffde fr.pc=0x000002d22d3d1a4c relative=0x000000000000012c
Event: 3.658 Thread 0x000002d21e115490 Uncommon trap: reason=class_check action=maybe_recompile pc=0x000002d22d3d1a4c method=jdk.internal.misc.Unsafe.allocateUninitializedArray(Ljava/lang/Class;I)Ljava/lang/Object; @ 51 c2
Event: 3.658 Thread 0x000002d21e115490 DEOPT PACKING pc=0x000002d22d3d1a4c sp=0x000000f9952fd0a0
Event: 3.658 Thread 0x000002d21e115490 DEOPT UNPACKING pc=0x000002d2258bd72e sp=0x000000f9952fd028 mode 2
Event: 3.658 Thread 0x000002d21e115490 Uncommon trap: trap_request=0xffffffde fr.pc=0x000002d22d3d1a4c relative=0x000000000000012c
Event: 3.658 Thread 0x000002d21e115490 Uncommon trap: reason=class_check action=maybe_recompile pc=0x000002d22d3d1a4c method=jdk.internal.misc.Unsafe.allocateUninitializedArray(Ljava/lang/Class;I)Ljava/lang/Object; @ 51 c2
Event: 3.658 Thread 0x000002d21e115490 DEOPT PACKING pc=0x000002d22d3d1a4c sp=0x000000f9952fd0a0
Event: 3.658 Thread 0x000002d21e115490 DEOPT UNPACKING pc=0x000002d2258bd72e sp=0x000000f9952fd028 mode 2
Event: 5.666 Thread 0x000002d21e115490 Uncommon trap: trap_request=0xffffffde fr.pc=0x000002d22d3b6944 relative=0x0000000000001004
Event: 5.666 Thread 0x000002d21e115490 Uncommon trap: reason=class_check action=maybe_recompile pc=0x000002d22d3b6944 method=java.util.HashMap.putVal(ILjava/lang/Object;Ljava/lang/Object;ZZ)Ljava/lang/Object; @ 253 c2
Event: 5.666 Thread 0x000002d21e115490 DEOPT PACKING pc=0x000002d22d3b6944 sp=0x000000f9952fe730
Event: 5.666 Thread 0x000002d21e115490 DEOPT UNPACKING pc=0x000002d2258bd72e sp=0x000000f9952fe698 mode 2
Event: 5.703 Thread 0x000002d21e115490 Uncommon trap: trap_request=0xffffff45 fr.pc=0x000002d22d3a1ad8 relative=0x00000000000010b8
Event: 5.703 Thread 0x000002d21e115490 Uncommon trap: reason=unstable_if action=reinterpret pc=0x000002d22d3a1ad8 method=java.util.concurrent.ConcurrentHashMap.putVal(Ljava/lang/Object;Ljava/lang/Object;Z)Ljava/lang/Object; @ 256 c2
Event: 5.703 Thread 0x000002d21e115490 DEOPT PACKING pc=0x000002d22d3a1ad8 sp=0x000000f9952fe660
Event: 5.703 Thread 0x000002d21e115490 DEOPT UNPACKING pc=0x000002d2258bd72e sp=0x000000f9952fe5f8 mode 2
Event: 14084.369 Thread 0x000002d23c50aab0 DEOPT PACKING pc=0x000002d225f4676d sp=0x000000f9963fe0e0
Event: 14084.403 Thread 0x000002d23c50aab0 DEOPT UNPACKING pc=0x000002d2258bdece sp=0x000000f9963fd690 mode 0

Classes unloaded (0 events):
No events

Classes redefined (12 events):
Event: 2072.051 Thread 0x000002d23b84f5e0 redefined class name=selPract.Demo, count=1
Event: 9170.713 Thread 0x000002d23b84f5e0 redefined class name=selPract.Demo, count=2
Event: 9252.734 Thread 0x000002d23b84f5e0 redefined class name=selPract.Demo, count=3
Event: 9303.104 Thread 0x000002d23b84f5e0 redefined class name=selPract.Demo, count=4
Event: 9422.666 Thread 0x000002d23b84f5e0 redefined class name=selPract.Demo, count=5
Event: 13041.246 Thread 0x000002d23b84f5e0 redefined class name=selPract.Demo, count=6
Event: 13094.548 Thread 0x000002d23b84f5e0 redefined class name=selPract.Demo, count=7
Event: 13190.780 Thread 0x000002d23b84f5e0 redefined class name=selPract.Demo, count=8
Event: 13549.019 Thread 0x000002d23b84f5e0 redefined class name=selPract.Demo, count=9
Event: 14084.439 Thread 0x000002d23b84f5e0 redefined class name=selPract.Demo, count=10
Event: 14174.246 Thread 0x000002d23b84f5e0 redefined class name=selPract.Demo, count=11
Event: 14305.461 Thread 0x000002d23b84f5e0 redefined class name=selPract.Demo, count=12

Internal exceptions (20 events):
Event: 2.744 Thread 0x000002d23d1f95d0 Exception <a 'java/net/ConnectException'{0x000000008882f780}: Connection refused: no further information> (0x000000008882f780) 
thrown [t:\workspace\open\src\hotspot\share\prims\jni.cpp, line 600]
Event: 2.744 Thread 0x000002d23d1f95d0 Exception <a 'java/net/SocketException'{0x000000008882fab8}: Socket is not connected: shutdown> (0x000000008882fab8) 
thrown [t:\workspace\open\src\hotspot\share\prims\jni.cpp, line 600]
Event: 2.884 Thread 0x000002d21e115490 Exception <a 'java/lang/NoSuchMethodError'{0x0000000088610b98}: 'java.lang.Object java.lang.invoke.DirectMethodHandle$Holder.invokeInterface(java.lang.Object, java.lang.Object, java.lang.Object)'> (0x0000000088610b98) 
thrown [t:\workspace\open\src\hotspot\share\interpreter\linkResolver.cpp, line 790]
Event: 2.885 Thread 0x000002d21e115490 Exception <a 'java/lang/IncompatibleClassChangeError'{0x0000000088614650}: Found class java.lang.Object, but interface was expected> (0x0000000088614650) 
thrown [t:\workspace\open\src\hotspot\share\interpreter\linkResolver.cpp, line 857]
Event: 2.890 Thread 0x000002d21e115490 Exception <a 'java/lang/NoSuchMethodError'{0x000000008861ae68}: 'int java.lang.invoke.DirectMethodHandle$Holder.invokeSpecial(java.lang.Object, java.lang.Object, java.lang.Object)'> (0x000000008861ae68) 
thrown [t:\workspace\open\src\hotspot\share\interpreter\linkResolver.cpp, line 790]
Event: 2.892 Thread 0x000002d21e115490 Exception <a 'java/lang/NoSuchMethodError'{0x0000000088621898}: 'int java.lang.invoke.DirectMethodHandle$Holder.invokeSpecialIFC(java.lang.Object, java.lang.Object, java.lang.Object, java.lang.Object)'> (0x0000000088621898) 
thrown [t:\workspace\open\src\hotspot\share\interpreter\linkResolver.cpp, line 790]
Event: 2.895 Thread 0x000002d21e115490 Exception <a 'java/lang/NoSuchMethodError'{0x000000008862b118}: 'java.lang.Object java.lang.invoke.DirectMethodHandle$Holder.invokeInterface(java.lang.Object, java.lang.Object, java.lang.Object, java.lang.Object)'> (0x000000008862b118) 
thrown [t:\workspace\open\src\hotspot\share\interpreter\linkResolver.cpp, line 790]
Event: 2.912 Thread 0x000002d21e115490 Exception <a 'java/lang/NoSuchMethodError'{0x0000000088675820}: 'java.lang.Object java.lang.invoke.DirectMethodHandle$Holder.invokeVirtual(java.lang.Object, java.lang.Object, java.lang.Object)'> (0x0000000088675820) 
thrown [t:\workspace\open\src\hotspot\share\interpreter\linkResolver.cpp, line 790]
Event: 2.957 Thread 0x000002d21e115490 Exception <a 'java/lang/NoSuchMethodError'{0x00000000885c6ae8}: 'void java.lang.invoke.DirectMethodHandle$Holder.invokeInterface(java.lang.Object, java.lang.Object, java.lang.Object)'> (0x00000000885c6ae8) 
thrown [t:\workspace\open\src\hotspot\share\interpreter\linkResolver.cpp, line 790]
Event: 3.002 Thread 0x000002d21e115490 Exception <a 'java/lang/NoSuchMethodError'{0x00000000884dff10}: 'int java.lang.invoke.DirectMethodHandle$Holder.invokeVirtual(java.lang.Object, java.lang.Object)'> (0x00000000884dff10) 
thrown [t:\workspace\open\src\hotspot\share\interpreter\linkResolver.cpp, line 790]
Event: 3.009 Thread 0x000002d21e115490 Exception <a 'java/lang/NoSuchMethodError'{0x00000000884f61e0}: 'double java.lang.invoke.DirectMethodHandle$Holder.invokeVirtual(java.lang.Object, java.lang.Object)'> (0x00000000884f61e0) 
thrown [t:\workspace\open\src\hotspot\share\interpreter\linkResolver.cpp, line 790]
Event: 3.010 Thread 0x000002d21e115490 Exception <a 'java/lang/NoSuchMethodError'{0x00000000884fc920}: 'float java.lang.invoke.DirectMethodHandle$Holder.invokeVirtual(java.lang.Object, java.lang.Object)'> (0x00000000884fc920) 
thrown [t:\workspace\open\src\hotspot\share\interpreter\linkResolver.cpp, line 790]
Event: 3.014 Thread 0x000002d21e115490 Exception <a 'java/lang/NoSuchMethodError'{0x0000000088306140}: 'long java.lang.invoke.DirectMethodHandle$Holder.invokeVirtual(java.lang.Object, java.lang.Object)'> (0x0000000088306140) 
thrown [t:\workspace\open\src\hotspot\share\interpreter\linkResolver.cpp, line 790]
Event: 3.033 Thread 0x000002d21e115490 Exception <a 'java/lang/NoSuchMethodError'{0x00000000883637a8}: 'void java.lang.invoke.DirectMethodHandle$Holder.invokeStatic(java.lang.Object, java.lang.Object, java.lang.Object)'> (0x00000000883637a8) 
thrown [t:\workspace\open\src\hotspot\share\interpreter\linkResolver.cpp, line 790]
Event: 3.147 Thread 0x000002d21e115490 Exception <a 'java/lang/NoSuchMethodError'{0x00000000881aa6b8}: 'void java.lang.invoke.DirectMethodHandle$Holder.invokeSpecial(java.lang.Object, java.lang.Object, java.lang.Object, java.lang.Object, java.lang.Object)'> (0x00000000881aa6b8) 
thrown [t:\workspace\open\src\hotspot\share\interpreter\linkResolver.cpp, line 790]
Event: 3.224 Thread 0x000002d21e115490 Exception <a 'java/lang/NoSuchMethodError'{0x0000000089641498}: 'java.lang.Object java.lang.invoke.DirectMethodHandle$Holder.newInvokeSpecial(java.lang.Object, java.lang.Object, java.lang.Object, java.lang.Object, java.lang.Object)'> (0x0000000089641498) 
thrown [t:\workspace\open\src\hotspot\share\interpreter\linkResolver.cpp, line 790]
Event: 3.301 Thread 0x000002d21e115490 Exception <a 'java/lang/NoSuchMethodError'{0x0000000089492fb8}: 'java.lang.Object java.lang.invoke.Invokers$Holder.invokeExact_MT(java.lang.Object, java.lang.Object, java.lang.Object, java.lang.Object, java.lang.Object, java.lang.Object)'> (0x0000000089492fb8) 
thrown [t:\workspace\open\src\hotspot\share\interpreter\linkResolver.cpp, line 790]
Event: 3.567 Thread 0x000002d21e115490 Exception <a 'java/lang/NoSuchMethodError'{0x0000000088b03950}: 'void java.lang.invoke.DirectMethodHandle$Holder.invokeStatic(java.lang.Object, java.lang.Object, java.lang.Object, java.lang.Object)'> (0x0000000088b03950) 
thrown [t:\workspace\open\src\hotspot\share\interpreter\linkResolver.cpp, line 790]
Event: 5.635 Thread 0x000002d21e115490 Exception <a 'java/lang/NoSuchMethodError'{0x0000000088704a40}: 'java.lang.Object java.lang.invoke.DirectMethodHandle$Holder.invokeSpecialIFC(java.lang.Object, java.lang.Object, java.lang.Object)'> (0x0000000088704a40) 
thrown [t:\workspace\open\src\hotspot\share\interpreter\linkResolver.cpp, line 790]
Event: 5.763 Thread 0x000002d21e115490 Exception <a 'java/lang/ClassNotFoundException'{0x0000000088647f28}: sun/util/logging/resources/spi/loggingProvider> (0x0000000088647f28) 
thrown [t:\workspace\open\src\hotspot\share\classfile\systemDictionary.cpp, line 256]

Events (20 events):
Event: 9422.570 Executing  VM operation: ChangeBreakpoints
Event: 9422.570 Executing  VM operation: ChangeBreakpoints done
Event: 9422.657 Executing  VM operation: RedefineClasses
Event: 9422.680 Executing  VM operation: RedefineClasses done
Event: 10865.862 Thread 0x000002d23d2cbdf0 Thread exited: 0x000002d23d2cbdf0
Event: 13041.175 Executing  VM operation: RedefineClasses
Event: 13041.275 Executing  VM operation: RedefineClasses done
Event: 13094.541 Executing  VM operation: RedefineClasses
Event: 13094.560 Executing  VM operation: RedefineClasses done
Event: 13190.772 Executing  VM operation: RedefineClasses
Event: 13190.793 Executing  VM operation: RedefineClasses done
Event: 13549.008 Executing  VM operation: RedefineClasses
Event: 13549.035 Executing  VM operation: RedefineClasses done
Event: 14084.429 Executing  VM operation: RedefineClasses
Event: 14084.453 Executing  VM operation: RedefineClasses done
Event: 14174.237 Executing  VM operation: RedefineClasses
Event: 14174.261 Executing  VM operation: RedefineClasses done
Event: 14296.546 Executing  VM operation: ChangeBreakpoints
Event: 14296.548 Executing  VM operation: ChangeBreakpoints done
Event: 14305.451 Executing  VM operation: RedefineClasses


Dynamic libraries:
0x00007ff602f50000 - 0x00007ff602f60000 	C:\Program Files\Java\jdk-16.0.1\bin\javaw.exe
0x00007ffa54a60000 - 0x00007ffa54c50000 	C:\WINDOWS\SYSTEM32\ntdll.dll
0x00007ffa544d0000 - 0x00007ffa54582000 	C:\WINDOWS\System32\KERNEL32.DLL
0x00007ffa51a60000 - 0x00007ffa51d05000 	C:\WINDOWS\System32\KERNELBASE.dll
0x0000000059910000 - 0x00000000599a3000 	C:\WINDOWS\System32\SYSFER.DLL
0x00007ffa52890000 - 0x00007ffa5298a000 	C:\WINDOWS\System32\ucrtbase.dll
0x00007ffa4adf0000 - 0x00007ffa4ae08000 	C:\Program Files\Java\jdk-16.0.1\bin\jli.dll
0x00007ffa532b0000 - 0x00007ffa53353000 	C:\WINDOWS\System32\ADVAPI32.dll
0x00007ffa54350000 - 0x00007ffa543ee000 	C:\WINDOWS\System32\msvcrt.dll
0x00007ffa53500000 - 0x00007ffa53597000 	C:\WINDOWS\System32\sechost.dll
0x00007ffa53a90000 - 0x00007ffa53baf000 	C:\WINDOWS\System32\RPCRT4.dll
0x00007ffa45820000 - 0x00007ffa45839000 	C:\Program Files\Java\jdk-16.0.1\bin\VCRUNTIME140.dll
0x00007ffa53360000 - 0x00007ffa534f4000 	C:\WINDOWS\System32\USER32.dll
0x00007ffa51e10000 - 0x00007ffa51e31000 	C:\WINDOWS\System32\win32u.dll
0x00007ffa53280000 - 0x00007ffa532a6000 	C:\WINDOWS\System32\GDI32.dll
0x00007ffa525c0000 - 0x00007ffa52758000 	C:\WINDOWS\System32\gdi32full.dll
0x00007ffa52760000 - 0x00007ffa527fe000 	C:\WINDOWS\System32\msvcp_win.dll
0x00007ffa50a70000 - 0x00007ffa50a7a000 	C:\WINDOWS\SYSTEM32\VERSION.dll
0x00007ffa41ec0000 - 0x00007ffa42144000 	C:\WINDOWS\WinSxS\amd64_microsoft.windows.common-controls_6595b64144ccf1df_6.0.18362.1621_none_9e7ba815e46075fc\COMCTL32.dll
0x00007ffa52cc0000 - 0x00007ffa52ff6000 	C:\WINDOWS\System32\combase.dll
0x00007ffa52800000 - 0x00007ffa52884000 	C:\WINDOWS\System32\bcryptPrimitives.dll
0x00007ffa54850000 - 0x00007ffa5487e000 	C:\WINDOWS\System32\IMM32.DLL
0x00007ffa4c7a0000 - 0x00007ffa4c7ac000 	C:\Program Files\Java\jdk-16.0.1\bin\vcruntime140_1.dll
0x00007ffa19200000 - 0x00007ffa19291000 	C:\Program Files\Java\jdk-16.0.1\bin\msvcp140.dll
0x00007ff9f4910000 - 0x00007ff9f54bb000 	C:\Program Files\Java\jdk-16.0.1\bin\server\jvm.dll
0x00007ffa535a0000 - 0x00007ffa535a8000 	C:\WINDOWS\System32\PSAPI.DLL
0x00007ffa4ad90000 - 0x00007ffa4ad99000 	C:\WINDOWS\SYSTEM32\WSOCK32.dll
0x00007ffa54950000 - 0x00007ffa549bf000 	C:\WINDOWS\System32\WS2_32.dll
0x00007ffa4e3d0000 - 0x00007ffa4e3f4000 	C:\WINDOWS\SYSTEM32\WINMM.dll
0x00007ffa4e330000 - 0x00007ffa4e35d000 	C:\WINDOWS\SYSTEM32\WINMMBASE.dll
0x00007ffa51dc0000 - 0x00007ffa51e0a000 	C:\WINDOWS\System32\cfgmgr32.dll
0x00007ffa51990000 - 0x00007ffa519a1000 	C:\WINDOWS\System32\kernel.appcore.dll
0x00007ffa49990000 - 0x00007ffa4999a000 	C:\Program Files\Java\jdk-16.0.1\bin\jimage.dll
0x00007ffa42220000 - 0x00007ffa42414000 	C:\WINDOWS\SYSTEM32\DBGHELP.DLL
0x00007ffa421f0000 - 0x00007ffa4221a000 	C:\WINDOWS\SYSTEM32\dbgcore.DLL
0x00007ffa42ee0000 - 0x00007ffa42f1b000 	C:\Program Files\Java\jdk-16.0.1\bin\jdwp.dll
0x00007ffa4cfb0000 - 0x00007ffa4cfbe000 	C:\Program Files\Java\jdk-16.0.1\bin\instrument.dll
0x00007ffa298e0000 - 0x00007ffa29905000 	C:\Program Files\Java\jdk-16.0.1\bin\java.dll
0x00007ffa53c60000 - 0x00007ffa54347000 	C:\WINDOWS\System32\SHELL32.dll
0x00007ffa53bb0000 - 0x00007ffa53c59000 	C:\WINDOWS\System32\shcore.dll
0x00007ffa51e40000 - 0x00007ffa525bb000 	C:\WINDOWS\System32\windows.storage.dll
0x00007ffa519b0000 - 0x00007ffa519ce000 	C:\WINDOWS\System32\profapi.dll
0x00007ffa51920000 - 0x00007ffa5196a000 	C:\WINDOWS\System32\powrprof.dll
0x00007ffa51910000 - 0x00007ffa51920000 	C:\WINDOWS\System32\UMPDC.dll
0x00007ffa543f0000 - 0x00007ffa54442000 	C:\WINDOWS\System32\shlwapi.dll
0x00007ffa52990000 - 0x00007ffa529a7000 	C:\WINDOWS\System32\cryptsp.dll
0x00007ffa4cfa0000 - 0x00007ffa4cfac000 	C:\Program Files\Java\jdk-16.0.1\bin\dt_socket.dll
0x00007ffa50e60000 - 0x00007ffa50e9a000 	C:\WINDOWS\SYSTEM32\IPHLPAPI.DLL
0x00007ffa51150000 - 0x00007ffa511b7000 	C:\WINDOWS\system32\mswsock.dll
0x00007ffa50eb0000 - 0x00007ffa50f7a000 	C:\WINDOWS\SYSTEM32\DNSAPI.dll
0x00007ffa53a80000 - 0x00007ffa53a88000 	C:\WINDOWS\System32\NSI.dll
0x00007ffa40fe0000 - 0x00007ffa40fea000 	C:\Windows\System32\rasadhlp.dll
0x00007ffa46730000 - 0x00007ffa467a7000 	C:\WINDOWS\System32\fwpuclnt.dll
0x00007ffa51a30000 - 0x00007ffa51a56000 	C:\WINDOWS\System32\bcrypt.dll
0x00007ffa2fc20000 - 0x00007ffa2fc38000 	C:\Program Files\Java\jdk-16.0.1\bin\zip.dll
0x00007ffa42e90000 - 0x00007ffa42ea9000 	C:\Program Files\Java\jdk-16.0.1\bin\net.dll
0x00007ffa46c90000 - 0x00007ffa46d8a000 	C:\WINDOWS\SYSTEM32\WINHTTP.dll
0x00007ffa32a80000 - 0x00007ffa32a93000 	C:\Program Files\Java\jdk-16.0.1\bin\nio.dll
0x00007ffa48b00000 - 0x00007ffa48b10000 	C:\Program Files\Java\jdk-16.0.1\bin\verify.dll
0x00007ffa480e0000 - 0x00007ffa480ee000 	C:\Program Files\Java\jdk-16.0.1\bin\sunmscapi.dll
0x00007ffa529b0000 - 0x00007ffa52b01000 	C:\WINDOWS\System32\CRYPT32.dll
0x00007ffa51970000 - 0x00007ffa51982000 	C:\WINDOWS\System32\MSASN1.dll
0x00007ffa51430000 - 0x00007ffa51456000 	C:\WINDOWS\SYSTEM32\ncrypt.dll
0x00007ffa513f0000 - 0x00007ffa5142b000 	C:\WINDOWS\SYSTEM32\NTASN1.dll
0x00007ffa50cd0000 - 0x00007ffa50d03000 	C:\WINDOWS\system32\rsaenh.dll
0x00007ffa51830000 - 0x00007ffa51855000 	C:\WINDOWS\SYSTEM32\USERENV.dll
0x00007ffa51320000 - 0x00007ffa5132c000 	C:\WINDOWS\SYSTEM32\CRYPTBASE.dll
0x00007ffa46c10000 - 0x00007ffa46c26000 	C:\WINDOWS\SYSTEM32\dhcpcsvc6.DLL
0x00007ffa46e80000 - 0x00007ffa46e9c000 	C:\WINDOWS\SYSTEM32\dhcpcsvc.DLL

dbghelp: loaded successfully - version: 4.0.5 - missing functions: none
symbol engine: initialized successfully - sym options: 0x614 - pdb path: .;C:\Program Files\Java\jdk-16.0.1\bin;C:\WINDOWS\SYSTEM32;C:\WINDOWS\WinSxS\amd64_microsoft.windows.common-controls_6595b64144ccf1df_6.0.18362.1621_none_9e7ba815e46075fc;C:\Program Files\Java\jdk-16.0.1\bin\server

VM Arguments:
jvm_args: -XX:+ShowCodeDetailsInExceptionMessages -agentlib:jdwp=transport=dt_socket,suspend=y,address=localhost:64194 -javaagent:F:\Shiva\SW\Selenium\eclipse\configuration\org.eclipse.osgi\222\0\.cp\lib\javaagent-shaded.jar -Dfile.encoding=Cp1252 
java_command: selPract.Demo
java_class_path (initial): F:\Shiva\Final2021_Auto\SeleniumAuto\bin;F:\Shiva\Final2021_Auto\CommonFolderForJars\activation-1.1.1.jar;F:\Shiva\Final2021_Auto\CommonFolderForJars\AutoItX4Java.jar;F:\Shiva\Final2021_Auto\CommonFolderForJars\batik-all-1.13.jar;F:\Shiva\Final2021_Auto\CommonFolderForJars\bcpkix-jdk15on-1.68.jar;F:\Shiva\Final2021_Auto\CommonFolderForJars\bcprov-jdk15on-1.68.jar;F:\Shiva\Final2021_Auto\CommonFolderForJars\byte-buddy-1.8.15.jar;F:\Shiva\Final2021_Auto\CommonFolderForJars\client-combined-3.141.59.jar;F:\Shiva\Final2021_Auto\CommonFolderForJars\client-combined-3.141.59-sources.jar;F:\Shiva\Final2021_Auto\CommonFolderForJars\commons-codec-1.13.jar;F:\Shiva\Final2021_Auto\CommonFolderForJars\commons-codec-1.15.jar;F:\Shiva\Final2021_Auto\CommonFolderForJars\commons-collections4-4.4.jar;F:\Shiva\Final2021_Auto\CommonFolderForJars\commons-compress-1.19.jar;F:\Shiva\Final2021_Auto\CommonFolderForJars\commons-compress-1.20.jar;F:\Shiva\Final2021_Auto\CommonFolderForJars\commons-exec-1.3.jar;F:\Shiva\Final2021_Auto\CommonFolderForJars\commons-io-2.7.jar;F:\Shiva\Final2021_Auto\CommonFolderForJars\commons-logging-1.2.jar;F:\Shiva\Final2021_Auto\CommonFolderForJars\commons-math3-3.6.1.jar;F:\Shiva\Final2021_Auto\CommonFolderForJars\curvesapi-1.06.jar;F:\Shiva\Final2021_Auto\CommonFolderForJars\extentreports-5.0.8.jar;F:\Shiva\Final2021_Auto\CommonFolderForJars\fontbox-2.0.22.jar;F:\Shiva\Final2021_Auto\CommonFolderForJars\graphics2d-0.30.jar;F:\Shiva\Final2021_Auto\CommonFolderForJars\guava-25.0-jre.jar;F:\Shiva\Final2021_Auto\CommonFolderForJars\jacob.jar;F:\Shiva\Final2021_Auto\CommonFolderForJars\jaxb-api-2.3.1.jar;F:\Shiva\Final2021_Auto\CommonFolderForJars\jaxb-core-2.3.0.1.jar;F:\Shiva\Final2021_Auto\CommonFolderForJars\jaxb-impl-2.3.2.jar;F:\Shiva\Final2021_Auto\CommonFolderForJars\jquery-3.5.1.jar;F:\Shiva\Final2021_Auto\CommonFolderForJars\junit-4.12.jar;F:\Shiva\Final2021_Auto\CommonFolderForJars\log4j-1.2.17.jar;F:\Shiva\Final2021_Auto\C
Launcher Type: SUN_STANDARD

[Global flags]
     intx CICompilerCount                          = 3                                         {product} {ergonomic}
     uint ConcGCThreads                            = 1                                         {product} {ergonomic}
     uint G1ConcRefinementThreads                  = 4                                         {product} {ergonomic}
   size_t G1HeapRegionSize                         = 1048576                                   {product} {ergonomic}
    uintx GCDrainStackTargetSize                   = 64                                        {product} {ergonomic}
   size_t InitialHeapSize                          = 134217728                                 {product} {ergonomic}
   size_t MarkStackSize                            = 4194304                                   {product} {ergonomic}
   size_t MaxHeapSize                              = 2122317824                                {product} {ergonomic}
   size_t MaxNewSize                               = 1272971264                                {product} {ergonomic}
   size_t MinHeapDeltaBytes                        = 1048576                                   {product} {ergonomic}
   size_t MinHeapSize                              = 8388608                                   {product} {ergonomic}
    uintx NonNMethodCodeHeapSize                   = 5832780                                {pd product} {ergonomic}
    uintx NonProfiledCodeHeapSize                  = 122912730                              {pd product} {ergonomic}
    uintx ProfiledCodeHeapSize                     = 122912730                              {pd product} {ergonomic}
    uintx ReservedCodeCacheSize                    = 251658240                              {pd product} {ergonomic}
     bool SegmentedCodeCache                       = true                                      {product} {ergonomic}
     bool ShowCodeDetailsInExceptionMessages       = true                                   {manageable} {command line}
   size_t SoftMaxHeapSize                          = 2122317824                             {manageable} {ergonomic}
     bool UseCompressedClassPointers               = true                           {product lp64_product} {ergonomic}
     bool UseCompressedOops                        = true                           {product lp64_product} {ergonomic}
     bool UseG1GC                                  = true                                      {product} {ergonomic}
     bool UseLargePagesIndividualAllocation        = false                                  {pd product} {ergonomic}

Logging:
Log output configuration:
 #0: stdout all=warning uptime,level,tags
 #1: stderr all=off uptime,level,tags

Environment Variables:
PATH=C:\Program Files\Common Files\Oracle\Java\javapath;C:\Program Files\Python37\Scripts\;C:\Program Files\Python37\;C:\WINDOWS\system32;C:\WINDOWS;C:\WINDOWS\System32\Wbem;C:\WINDOWS\System32\WindowsPowerShell\v1.0\;C:\platform-tools;C:\WINDOWS\System32\OpenSSH\;C:\Program Files (x86)\Common Files\Oracle\Java\javapath;F:\Shiva\SW\Selenium\apache-maven-3.8.1\bin;C:\Program Files\Git\cmd;C:\Program Files\Java\jdk-16.0.1\bin;C:\Program Files\Java\jdk-16.0.1;C:\Program Files\Java\jre1.8.0_291\bin;C:\Program Files\Java\jre1.8.0_291;C:\Users\KMS\AppData\Local\Microsoft\WindowsApps;
USERNAME=KMS
OS=Windows_NT
PROCESSOR_IDENTIFIER=Intel64 Family 6 Model 69 Stepping 1, GenuineIntel



---------------  S Y S T E M  ---------------

OS:
 Windows 10 , 64 bit Build 18362 (10.0.18362.1500)
OS uptime: 7 days 13:49 hours

CPU: total 4 (initial active 4) (2 cores per cpu, 2 threads per core) family 6 model 69 stepping 1 microcode 0x26, cx8, cmov, fxsr, ht, mmx, sse, sse2, sse3, ssse3, sse4.1, sse4.2, popcnt, lzcnt, tsc, tscinvbit, avx, avx2, aes, erms, clmul, bmi1, bmi2, fma, vzeroupper, clflush

Memory: 4k page, system-wide physical 8095M (1929M free)
TotalPageFile size 12490M (AvailPageFile size 1878M)
current process WorkingSet (physical memory assigned to process): 52M, peak: 120M
current process commit charge ("private bytes"): 222M, peak: 248M

vm_info: Java HotSpot(TM) 64-Bit Server VM (16.0.1+9-24) for windows-amd64 JRE (16.0.1+9-24), built on Mar 26 2021 19:31:42 by "mach5one" with MS VC++ 16.7 (VS2019)

END.
